<?xml version="1.0" encoding="UTF-8"?>
<!-- Generated by org.testng.reporters.JUnitReportReporter -->
<testsuite hostname="Mohameds-MacBook-Pro.local" name="com.practice.AppTest" tests="1" failures="0" timestamp="26 Dec 2015 16:23:27 GMT" time="0.004" errors="0">
  <testcase name="testApp" time="0.004" classname="com.practice.AppTest"/>
</testsuite>
